[provorovag.online/botrekrutyormlmfb.html]
[backblue.gif]
[fade.gif]
[index.html]
[maxcdn.bootstrapcdn.com/bootstrap/3.3.7/css/bootstrap.min.css]
[provorovag.online/js/jquery.min.js]
[provorovag.online/js/animate/animate.css]
[provorovag.online/js/animate/wow.js]
[maxcdn.bootstrapcdn.com/font-awesome/4.7.0/css/font-awesome.min.css]
[connect.facebook.net/en_US/fbevents.js]
[provorovag.online/files/section_files/features-9min.png]
[provorovag.online/botrekrutyormlmfb.html]
[maxcdn.bootstrapcdn.com/bootstrap/3.3.7/css/bootstrap.min.css]
[provorovag.online/js/animate/animate.css]
[maxcdn.bootstrapcdn.com/font-awesome/4.7.0/css/font-awesome.min.css]
[provorovag.online/c]
[provorovag.online/b]
[provorovag.online/POST]
[connect.facebook.net/en_US/fbevents.js]
[provorovag.online/c.html]
[provorovag.online/b.html]
[provorovag.online/POST.html]
