05/04/2013 16:27:07 | Debut Mise en ligne complete (Site):
05/04/2013 16:27:09 | Listing terminé :
05/04/2013 16:27:09 | 

05/04/2013 16:27:10 | * WEFiles-- -- --Folder create
05/04/2013 16:27:10 | * WEFiles/Server-- -- --Folder create
05/04/2013 16:27:10 | * WEFiles/Server/language-- -- --Folder create
05/04/2013 16:27:10 | * WEFiles/Server/class-- -- --Folder create
05/04/2013 16:27:10 | * WEFiles/Image-- -- --Folder create
05/04/2013 16:27:10 | * WEFiles/Image/Skin-- -- --Folder create
05/04/2013 16:27:10 | * WEFiles/Font-- -- --Folder create
05/04/2013 16:27:10 | * WEFiles/Css-- -- --Folder create
05/04/2013 16:27:10 | * WEFiles/Client-- -- --Folder create
05/04/2013 16:27:10 | * WEFiles/Client/jQuery-- -- --Folder create
05/04/2013 16:27:10 | * Templates-- -- --Folder create
05/04/2013 16:27:10 | * Files-- -- --Folder create
05/04/2013 16:27:10 | * Files/Video-- -- --Folder create
05/04/2013 16:27:10 | * Files/Other-- -- --Folder create
05/04/2013 16:27:10 | * Files/Media-- -- --Folder create
05/04/2013 16:27:10 | * Files/Image-- -- --Folder create
05/04/2013 16:27:10 | * Files/Flash-- -- --Folder create
05/04/2013 16:27:10 | * Files/Audio-- -- --Folder create
05/04/2013 16:27:10 | * Data-- -- --Folder create
05/04/2013 16:27:10 | * Backup-- -- --Folder create
05/04/2013 16:27:10 | * Common-- -- --Folder create
05/04/2013 16:27:10 | * Files/Image/Home-- -- --Folder create
05/04/2013 16:27:10 | * WEFiles/Image/WEImage-- -- --Folder create
05/04/2013 16:27:10 | * Files\Other-- -- --Folder create
05/04/2013 16:27:10 | * Backup/.htaccess-- -- --33
05/04/2013 16:27:10 | * WEFiles/Client/jQuery/jquery.core.js-- -- --93873
05/04/2013 16:27:10 | * WEFiles/Client/jQuery/jquery.easing.1.3.js-- -- --8097
05/04/2013 16:27:10 | * WEFiles/Client/jQuery/jquery.form.js-- -- --26755
05/04/2013 16:27:10 | * WEFiles/Client/jQuery/jquery.simplemodal.js-- -- --22338
05/04/2013 16:27:10 | * WEFiles/Client/jQuery/jquery.ui.accordion.js-- -- --16269
05/04/2013 16:27:10 | * WEFiles/Client/jQuery/jquery.ui.core.js-- -- --14026
05/04/2013 16:27:10 | * WEFiles/Client/Json.js-- -- --17521
05/04/2013 16:27:10 | * WEFiles/Client/openElement.js-- -- --20753
05/04/2013 16:27:10 | * WEFiles/Client/openElementUI.js-- -- --3436
05/04/2013 16:27:10 | * WEFiles/Client/VarText.js-- -- --3745
05/04/2013 16:27:10 | * WEFiles/Css/openElement.css-- -- --4690
05/04/2013 16:27:10 | * WEFiles/Image/Code.png-- -- --831
05/04/2013 16:27:10 | * WEFiles/Image/delete.png-- -- --1465
05/04/2013 16:27:10 | * WEFiles/Image/empty.png-- -- --184
05/04/2013 16:27:10 | * WEFiles/Image/information2.png-- -- --3246
05/04/2013 16:27:10 | * WEFiles/Image/loading.gif-- -- --1924
05/04/2013 16:27:10 | * WEFiles/Image/mask.png-- -- --213
05/04/2013 16:27:10 | * WEFiles/Image/ModalBackgound.png-- -- --27145
05/04/2013 16:27:10 | * WEFiles/Image/ModalPopupBlock.png-- -- --268
05/04/2013 16:27:10 | * WEFiles/Image/ServerError.png-- -- --2602
05/04/2013 16:27:10 | * WEFiles/Image/WEW3C.png-- -- --1882
05/04/2013 16:27:10 | * WEFiles/Server/class/class-phpmailer.php-- -- --62304
05/04/2013 16:27:10 | * WEFiles/Server/class/class-smtp.php-- -- --32442
05/04/2013 16:27:10 | * WEFiles/Server/class/JSON.php-- -- --34073
05/04/2013 16:27:10 | * WEFiles/Server/language/phpmailer.lang-en.php-- -- --1188
05/04/2013 16:27:10 | * WEFiles/Server/language/phpmailer.lang-fr.php-- -- --1298
05/04/2013 16:27:10 | * WEFiles/Server/openElement.php-- -- --16332
05/04/2013 16:27:10 | * WEFiles/Server/VarText.php-- -- --4306
05/04/2013 16:27:10 | * .htaccess-- -- --0
05/04/2013 16:27:10 | * Contact(var).php-- -- --410
05/04/2013 16:27:10 | * Contact.css-- -- --5562
05/04/2013 16:27:10 | * WEFiles/Image/ErrorImageDefault.png-- -- --825
05/04/2013 16:27:10 | * WEFiles/Image/Skin/85fc93e8.png-- -- --142
05/04/2013 16:27:10 | * WEFiles/Image/Skin/8abfdd2f.png-- -- --162
05/04/2013 16:27:10 | * WEFiles/Image/Skin/dd1a39fa.png-- -- --145
05/04/2013 16:27:10 | * WEFiles/Image/Skin/8bfd540b.png-- -- --181
05/04/2013 16:27:10 | * WEFiles/Image/Skin/a7d841c2.png-- -- --181
05/04/2013 16:27:10 | * WEFiles/Image/Skin/ae2273fd.png-- -- --143
05/04/2013 16:27:10 | * WEFiles/Image/Skin/a1bcd92d.png-- -- --153
05/04/2013 16:27:10 | * WEFiles/Image/Skin/e3d6b0f6.png-- -- --141
05/04/2013 16:27:10 | * WEFiles/Image/Skin/5c9dac35.png-- -- --295
05/04/2013 16:27:10 | * WEFiles/Image/Skin/f8d6e799.png-- -- --142
05/04/2013 16:27:10 | * WEFiles/Image/Skin/393ea4f9.png-- -- --160
05/04/2013 16:27:10 | * WEFiles/Image/Skin/b5a00b21.png-- -- --145
05/04/2013 16:27:10 | * WEFiles/Image/Skin/5d5a07b3.png-- -- --179
05/04/2013 16:27:10 | * WEFiles/Image/Skin/a27c8a24.png-- -- --176
05/04/2013 16:27:10 | * WEFiles/Image/Skin/c4f57e2c.png-- -- --144
05/04/2013 16:27:10 | * WEFiles/Image/Skin/0310f00f.png-- -- --157
05/04/2013 16:27:10 | * WEFiles/Image/Skin/4b1215d6.png-- -- --142
05/04/2013 16:27:10 | * WEFiles/Image/Skin/6aa94251.png-- -- --311
05/04/2013 16:27:10 | * WEFiles/Image/Skin/55fedf47.jpg-- -- --802
05/04/2013 16:27:10 | * WEFiles/Image/Skin/e7b385b3.jpg-- -- --2810
05/04/2013 16:27:10 | * WEFiles/Image/Skin/30b7f6f4.jpg-- -- --849
05/04/2013 16:27:10 | * WEFiles/Image/Skin/4992b02b.jpg-- -- --747
05/04/2013 16:27:10 | * WEFiles/Image/Skin/4ea69078.jpg-- -- --790
05/04/2013 16:27:10 | * WEFiles/Image/Skin/9e68656f.jpg-- -- --852
05/04/2013 16:27:10 | * WEFiles/Image/Skin/bfb29038.jpg-- -- --3722
05/04/2013 16:27:10 | * WEFiles/Image/Skin/117bf015.jpg-- -- --872
05/04/2013 16:27:10 | * Files/Image/Quote1.png-- -- --923
05/04/2013 16:27:10 | * Files/Image/Quote3.png-- -- --927
05/04/2013 16:27:10 | * Files/Image/Home/HomeMask1.png-- -- --1416
05/04/2013 16:27:10 | * WEFiles/Image/Skin/12786609.png-- -- --936
05/04/2013 16:27:10 | * WEFiles/Image/Skin/1295d8fd.png-- -- --611
05/04/2013 16:27:10 | * WEFiles/Image/Skin/cc42a7ef.png-- -- --217
05/04/2013 16:27:10 | * WEFiles/Image/Skin/3356a13c.png-- -- --5223
05/04/2013 16:27:10 | * WEFiles/Image/Skin/b79c607b.png-- -- --193
05/04/2013 16:27:10 | * WEFiles/Image/Skin/39baf87c.png-- -- --547
05/04/2013 16:27:10 | * WEFiles/Image/Skin/8a952af0.png-- -- --7371
05/04/2013 16:27:10 | * WEFiles/Image/Skin/346a1f8f.png-- -- --539
05/04/2013 16:27:10 | * WEFiles/Image/Skin/b8b3141d.png-- -- --29265
05/04/2013 16:27:10 | * Files/Image/Logo.png-- -- --3283
05/04/2013 16:27:10 | * WEFiles/Image/Skin/a8d5d3b9.png-- -- --2445
05/04/2013 16:27:10 | * WEFiles/Image/Skin/6b2859cf.png-- -- --6800
05/04/2013 16:27:10 | * WEFiles/Image/Skin/17755716.png-- -- --3341
05/04/2013 16:27:10 | * WEFiles/Image/Skin/c9da7f91.png-- -- --7922
05/04/2013 16:27:10 | * WEFiles/Image/Skin/b11a5c5c.png-- -- --29764
05/04/2013 16:27:10 | * Contact.htm-- -- --13772
05/04/2013 16:27:10 | * index.css-- -- --7010
05/04/2013 16:27:10 | * Files/Image/Home/HomeImg1.png-- -- --55684
05/04/2013 16:27:10 | * Files/Image/hr.png-- -- --164
05/04/2013 16:27:10 | * WEFiles/Image/WEImage/11965d2fDEFAULT.png-- -- --289
05/04/2013 16:27:10 | * WEFiles/Image/WEImage/bf25ff51DEFAULT.png-- -- --289
05/04/2013 16:27:10 | * Files/Image/Home/HomeImg2.png-- -- --64425
05/04/2013 16:27:10 | * Files/Image/Home/HomeImg3.png-- -- --33875
05/04/2013 16:27:10 | * WEFiles/Image/Skin/9ae72b2e.png-- -- --266
05/04/2013 16:27:10 | * WEFiles/Image/Skin/c95daba0.png-- -- --282
05/04/2013 16:27:10 | * WEFiles/Image/Skin/43a167c8.png-- -- --267
05/04/2013 16:27:10 | * WEFiles/Image/Skin/684761da.png-- -- --212
05/04/2013 16:27:10 | * WEFiles/Image/Skin/2da36143.png-- -- --231
05/04/2013 16:27:10 | * WEFiles/Image/Skin/0247657f.png-- -- --273
05/04/2013 16:27:10 | * WEFiles/Image/Skin/9cb41ade.png-- -- --254
05/04/2013 16:27:10 | * WEFiles/Image/Skin/c5fd82ea.png-- -- --276
05/04/2013 16:27:10 | * Files/Image/Quote2.png-- -- --1147
05/04/2013 16:27:10 | * Files/Image/DarkBackIcon.png-- -- --315
05/04/2013 16:27:10 | * Files/Image/backIcon.png-- -- --251
05/04/2013 16:27:10 | * Files/Image/arrow.png-- -- --2183
05/04/2013 16:27:10 | * Files/Image/Home/HomeImg4.png-- -- --98877
05/04/2013 16:27:10 | * index.htm-- -- --19891
05/04/2013 16:27:10 | * robots.txt-- -- --22
05/04/2013 16:27:10 | * sitemap.xml-- -- --386
05/04/2013 16:27:10 | * Templates/BaseLayer.css-- -- --5772
05/04/2013 16:27:11 | 
05/04/2013 16:27:11 | 
--------------------------------Phase 1 Terminé--------------------------------
05/04/2013 16:27:11 | 

