6/8/2020 7:02:35 PM | Debut Mise en ligne complete (Site):
6/8/2020 7:02:38 PM | Listing terminé :
6/8/2020 7:02:38 PM | 

6/8/2020 7:02:38 PM | * WEFiles-- -- --Folder create
6/8/2020 7:02:38 PM | * WEFiles/Xml-- -- --Folder create
6/8/2020 7:02:38 PM | * WEFiles/Server-- -- --Folder create
6/8/2020 7:02:38 PM | * WEFiles/Server/language-- -- --Folder create
6/8/2020 7:02:38 PM | * WEFiles/Server/DB-- -- --Folder create
6/8/2020 7:02:38 PM | * WEFiles/Server/DB/DBTools-- -- --Folder create
6/8/2020 7:02:38 PM | * WEFiles/Server/class-- -- --Folder create
6/8/2020 7:02:38 PM | * WEFiles/Other-- -- --Folder create
6/8/2020 7:02:38 PM | * WEFiles/Image-- -- --Folder create
6/8/2020 7:02:38 PM | * WEFiles/Font-- -- --Folder create
6/8/2020 7:02:38 PM | * WEFiles/EG-- -- --Folder create
6/8/2020 7:02:38 PM | * WEFiles/Css-- -- --Folder create
6/8/2020 7:02:38 PM | * WEFiles/Css/v02-- -- --Folder create
6/8/2020 7:02:38 PM | * WEFiles/Css/v01-- -- --Folder create
6/8/2020 7:02:38 PM | * WEFiles/Client-- -- --Folder create
6/8/2020 7:02:38 PM | * WEFiles/Client/jQuery-- -- --Folder create
6/8/2020 7:02:38 PM | * WEFiles/Client/jQuery/Plugins-- -- --Folder create
6/8/2020 7:02:38 PM | * WEFiles/Client/Common-- -- --Folder create
6/8/2020 7:02:38 PM | * Templates-- -- --Folder create
6/8/2020 7:02:38 PM | * Files-- -- --Folder create
6/8/2020 7:02:38 PM | * Files/Video-- -- --Folder create
6/8/2020 7:02:38 PM | * Files/Other-- -- --Folder create
6/8/2020 7:02:38 PM | * Files/Media-- -- --Folder create
6/8/2020 7:02:38 PM | * Files/Image-- -- --Folder create
6/8/2020 7:02:38 PM | * Files/Fonts-- -- --Folder create
6/8/2020 7:02:38 PM | * Files/Flash-- -- --Folder create
6/8/2020 7:02:38 PM | * Files/Audio-- -- --Folder create
6/8/2020 7:02:38 PM | * Data-- -- --Folder create
6/8/2020 7:02:38 PM | * Backup-- -- --Folder create
6/8/2020 7:02:38 PM | * Common-- -- --Folder create
6/8/2020 7:02:38 PM | * WEFiles/Image/Skin-- -- --Folder create
6/8/2020 7:02:38 PM | * Files/Image/Home-- -- --Folder create
6/8/2020 7:02:38 PM | * Files\Other-- -- --Folder create
6/8/2020 7:02:38 PM | * Files\Fonts-- -- --Folder create
6/8/2020 7:02:38 PM | * Backup/.htaccess-- -- --33
6/8/2020 7:02:38 PM | * Data/.htaccess-- -- --13
6/8/2020 7:02:38 PM | * WEFiles/Client/Common/oe.min.js-- -- --16317
6/8/2020 7:02:38 PM | * WEFiles/Client/jQuery/Plugins/jquery.form.js-- -- --11659
6/8/2020 7:02:38 PM | * WEFiles/Client/jQuery/Plugins/jquery.ui.core.js-- -- --19590
6/8/2020 7:02:38 PM | * WEFiles/Client/jQuery/Plugins/jquery.ui.effects.js-- -- --25199
6/8/2020 7:02:38 PM | * WEFiles/Client/jQuery/1.10.2.js-- -- --93107
6/8/2020 7:02:38 PM | * WEFiles/Client/jQuery/migrate.js-- -- --7202
6/8/2020 7:02:38 PM | * WEFiles/Client/OEDB.js-- -- --1856
6/8/2020 7:02:38 PM | * WEFiles/Client/OEDBClasses.js-- -- --2280
6/8/2020 7:02:38 PM | * WEFiles/Client/opentip-jquery.min.js-- -- --44974
6/8/2020 7:02:38 PM | * WEFiles/Css/v01/openElement.css-- -- --5851
6/8/2020 7:02:38 PM | * WEFiles/Css/v02/openElement.css-- -- --6102
6/8/2020 7:02:38 PM | * WEFiles/Css/v02/openElement.int.css-- -- --6177
6/8/2020 7:02:38 PM | * WEFiles/Css/ie7.css-- -- --833
6/8/2020 7:02:38 PM | * WEFiles/Css/opentip.css-- -- --9211
6/8/2020 7:02:38 PM | * WEFiles/Image/Code.png-- -- --831
6/8/2020 7:02:38 PM | * WEFiles/Image/delete.png-- -- --1465
6/8/2020 7:02:38 PM | * WEFiles/Image/empty.png-- -- --184
6/8/2020 7:02:38 PM | * WEFiles/Image/information2.png-- -- --3246
6/8/2020 7:02:38 PM | * WEFiles/Image/loading.gif-- -- --1924
6/8/2020 7:02:38 PM | * WEFiles/Image/Loading2.gif-- -- --4941
6/8/2020 7:02:38 PM | * WEFiles/Image/mask.png-- -- --213
6/8/2020 7:02:38 PM | * WEFiles/Image/ModalBackgound.png-- -- --27145
6/8/2020 7:02:38 PM | * WEFiles/Image/ModalPopupBlock.png-- -- --268
6/8/2020 7:02:38 PM | * WEFiles/Image/ServerError.png-- -- --2602
6/8/2020 7:02:38 PM | * WEFiles/Image/warning.png-- -- --816
6/8/2020 7:02:38 PM | * WEFiles/Image/WEW3C.png-- -- --1882
6/8/2020 7:02:38 PM | * WEFiles/Server/class/class-phpmailer.php-- -- --65668
6/8/2020 7:02:38 PM | * WEFiles/Server/class/class-smtp.php-- -- --32456
6/8/2020 7:02:38 PM | * WEFiles/Server/DB/DBTools/OEDataContainers.php-- -- --57685
6/8/2020 7:02:38 PM | * WEFiles/Server/DB/DBTools/OEDBRequest.php-- -- --36412
6/8/2020 7:02:38 PM | * WEFiles/Server/DB/DBTools/OEDynUtils.php-- -- --15107
6/8/2020 7:02:38 PM | * WEFiles/Server/DB/.htaccess-- -- --13
6/8/2020 7:02:38 PM | * WEFiles/Server/DB/OEDB.php-- -- --28741
6/8/2020 7:02:38 PM | * WEFiles/Server/DB/OEDBClasses.php-- -- --84483
6/8/2020 7:02:38 PM | * WEFiles/Server/DB/sqllogin.php-- -- --1479
6/8/2020 7:02:38 PM | * WEFiles/Server/language/phpmailer.lang-en.php-- -- --1188
6/8/2020 7:02:38 PM | * WEFiles/Server/language/phpmailer.lang-fr.php-- -- --1297
6/8/2020 7:02:38 PM | * WEFiles/Server/openElement.php-- -- --13870
6/8/2020 7:02:38 PM | * WEFiles/Server/VarText.php-- -- --4496
6/8/2020 7:02:38 PM | * .htaccess-- -- --0
6/8/2020 7:02:38 PM | * Contact(var).php-- -- --504
6/8/2020 7:02:38 PM | * Contact.css-- -- --5761
6/8/2020 7:02:38 PM | * WEFiles/Image/ErrorImageDefault.png-- -- --825
6/8/2020 7:02:38 PM | * WEFiles/Image/Skin/85fc93e8.png-- -- --142
6/8/2020 7:02:38 PM | * WEFiles/Image/Skin/8abfdd2f.png-- -- --162
6/8/2020 7:02:38 PM | * WEFiles/Image/Skin/dd1a39fa.png-- -- --145
6/8/2020 7:02:38 PM | * WEFiles/Image/Skin/8bfd540b.png-- -- --181
6/8/2020 7:02:38 PM | * WEFiles/Image/Skin/a7d841c2.png-- -- --181
6/8/2020 7:02:38 PM | * WEFiles/Image/Skin/ae2273fd.png-- -- --143
6/8/2020 7:02:38 PM | * WEFiles/Image/Skin/a1bcd92d.png-- -- --153
6/8/2020 7:02:38 PM | * WEFiles/Image/Skin/e3d6b0f6.png-- -- --141
6/8/2020 7:02:38 PM | * WEFiles/Image/Skin/5c9dac35.png-- -- --295
6/8/2020 7:02:38 PM | * WEFiles/Image/Skin/f8d6e799.png-- -- --142
6/8/2020 7:02:38 PM | * WEFiles/Image/Skin/393ea4f9.png-- -- --160
6/8/2020 7:02:38 PM | * WEFiles/Image/Skin/b5a00b21.png-- -- --145
6/8/2020 7:02:38 PM | * WEFiles/Image/Skin/5d5a07b3.png-- -- --179
6/8/2020 7:02:38 PM | * WEFiles/Image/Skin/a27c8a24.png-- -- --176
6/8/2020 7:02:38 PM | * WEFiles/Image/Skin/c4f57e2c.png-- -- --144
6/8/2020 7:02:38 PM | * WEFiles/Image/Skin/0310f00f.png-- -- --157
6/8/2020 7:02:38 PM | * WEFiles/Image/Skin/4b1215d6.png-- -- --142
6/8/2020 7:02:38 PM | * WEFiles/Image/Skin/6aa94251.png-- -- --311
6/8/2020 7:02:38 PM | * WEFiles/Image/Skin/55fedf47.jpg-- -- --802
6/8/2020 7:02:38 PM | * WEFiles/Image/Skin/e7b385b3.jpg-- -- --2810
6/8/2020 7:02:38 PM | * WEFiles/Image/Skin/30b7f6f4.jpg-- -- --849
6/8/2020 7:02:38 PM | * WEFiles/Image/Skin/4992b02b.jpg-- -- --747
6/8/2020 7:02:38 PM | * WEFiles/Image/Skin/4ea69078.jpg-- -- --790
6/8/2020 7:02:38 PM | * WEFiles/Image/Skin/9e68656f.jpg-- -- --852
6/8/2020 7:02:38 PM | * WEFiles/Image/Skin/bfb29038.jpg-- -- --3722
6/8/2020 7:02:38 PM | * WEFiles/Image/Skin/117bf015.jpg-- -- --872
6/8/2020 7:02:38 PM | * Files/Image/Quote1.png-- -- --923
6/8/2020 7:02:38 PM | * Files/Image/Quote3.png-- -- --927
6/8/2020 7:02:38 PM | * Files/Image/Home/HomeMask1.png-- -- --1416
6/8/2020 7:02:38 PM | * WEFiles/Image/Skin/12786609.png-- -- --936
6/8/2020 7:02:38 PM | * WEFiles/Image/Skin/1295d8fd.png-- -- --611
6/8/2020 7:02:38 PM | * WEFiles/Image/Skin/cc42a7ef.png-- -- --217
6/8/2020 7:02:38 PM | * WEFiles/Image/Skin/3356a13c.png-- -- --5223
6/8/2020 7:02:38 PM | * WEFiles/Image/Skin/b79c607b.png-- -- --193
6/8/2020 7:02:38 PM | * WEFiles/Image/Skin/39baf87c.png-- -- --547
6/8/2020 7:02:38 PM | * WEFiles/Image/Skin/8a952af0.png-- -- --7371
6/8/2020 7:02:38 PM | * WEFiles/Image/Skin/346a1f8f.png-- -- --539
6/8/2020 7:02:38 PM | * WEFiles/Image/Skin/b8b3141d.png-- -- --29265
6/8/2020 7:02:38 PM | * Files/Image/Logo.png-- -- --3283
6/8/2020 7:02:38 PM | * WEFiles/Image/Skin/a8d5d3b9.png-- -- --2445
6/8/2020 7:02:38 PM | * WEFiles/Image/Skin/6b2859cf.png-- -- --6800
6/8/2020 7:02:38 PM | * WEFiles/Image/Skin/17755716.png-- -- --3341
6/8/2020 7:02:38 PM | * WEFiles/Image/Skin/c9da7f91.png-- -- --7922
6/8/2020 7:02:38 PM | * WEFiles/Image/Skin/b11a5c5c.png-- -- --29764
6/8/2020 7:02:38 PM | * Contact.en-us.htm-- -- --15059
6/8/2020 7:02:38 PM | * Contact.htm-- -- --15001
6/8/2020 7:02:38 PM | * index.css-- -- --6817
6/8/2020 7:02:38 PM | * Files/Image/Home/HomeImg1.png-- -- --55684
6/8/2020 7:02:38 PM | * Files/Image/hr.png-- -- --164
6/8/2020 7:02:38 PM | * Files/Image/Home/HomeImg2.png-- -- --64425
6/8/2020 7:02:38 PM | * Files/Image/Home/HomeImg3.png-- -- --33875
6/8/2020 7:02:38 PM | * WEFiles/Image/Skin/9ae72b2e.png-- -- --266
6/8/2020 7:02:38 PM | * WEFiles/Image/Skin/c95daba0.png-- -- --282
6/8/2020 7:02:38 PM | * WEFiles/Image/Skin/43a167c8.png-- -- --267
6/8/2020 7:02:38 PM | * WEFiles/Image/Skin/684761da.png-- -- --212
6/8/2020 7:02:38 PM | * WEFiles/Image/Skin/2da36143.png-- -- --231
6/8/2020 7:02:38 PM | * WEFiles/Image/Skin/0247657f.png-- -- --273
6/8/2020 7:02:38 PM | * WEFiles/Image/Skin/9cb41ade.png-- -- --254
6/8/2020 7:02:38 PM | * WEFiles/Image/Skin/c5fd82ea.png-- -- --276
6/8/2020 7:02:38 PM | * Files/Image/Quote2.png-- -- --1147
6/8/2020 7:02:38 PM | * Files/Image/DarkBackIcon.png-- -- --315
6/8/2020 7:02:38 PM | * Files/Image/backIcon.png-- -- --251
6/8/2020 7:02:38 PM | * Files/Image/arrow.png-- -- --2183
6/8/2020 7:02:38 PM | * Files/Image/Home/HomeImg4.png-- -- --98877
6/8/2020 7:02:38 PM | * index.en-us.htm-- -- --21250
6/8/2020 7:02:38 PM | * index.htm-- -- --21192
6/8/2020 7:02:38 PM | * robots.txt-- -- --19
6/8/2020 7:02:38 PM | * sitemap.xml-- -- --1380
6/8/2020 7:02:38 PM | * Templates/BaseLayer.css-- -- --6399
6/8/2020 7:02:38 PM | 
6/8/2020 7:02:38 PM | 
--------------------------------Phase 1 Terminé--------------------------------
6/8/2020 7:02:38 PM | 

6/10/2020 10:15:28 PM | Debut Mise en ligne complete (Site):
6/10/2020 10:15:30 PM | Listing terminé :
6/10/2020 10:15:30 PM | 

6/10/2020 10:15:30 PM | * WEFiles-- -- --Folder create
6/10/2020 10:15:30 PM | * WEFiles/Xml-- -- --Folder create
6/10/2020 10:15:30 PM | * WEFiles/Server-- -- --Folder create
6/10/2020 10:15:30 PM | * WEFiles/Server/language-- -- --Folder create
6/10/2020 10:15:30 PM | * WEFiles/Server/DB-- -- --Folder create
6/10/2020 10:15:30 PM | * WEFiles/Server/DB/DBTools-- -- --Folder create
6/10/2020 10:15:30 PM | * WEFiles/Server/class-- -- --Folder create
6/10/2020 10:15:30 PM | * WEFiles/Other-- -- --Folder create
6/10/2020 10:15:30 PM | * WEFiles/Image-- -- --Folder create
6/10/2020 10:15:30 PM | * WEFiles/Font-- -- --Folder create
6/10/2020 10:15:30 PM | * WEFiles/EG-- -- --Folder create
6/10/2020 10:15:30 PM | * WEFiles/Css-- -- --Folder create
6/10/2020 10:15:30 PM | * WEFiles/Css/v02-- -- --Folder create
6/10/2020 10:15:30 PM | * WEFiles/Css/v01-- -- --Folder create
6/10/2020 10:15:30 PM | * WEFiles/Client-- -- --Folder create
6/10/2020 10:15:30 PM | * WEFiles/Client/jQuery-- -- --Folder create
6/10/2020 10:15:30 PM | * WEFiles/Client/jQuery/Plugins-- -- --Folder create
6/10/2020 10:15:30 PM | * WEFiles/Client/Common-- -- --Folder create
6/10/2020 10:15:30 PM | * Templates-- -- --Folder create
6/10/2020 10:15:30 PM | * Files-- -- --Folder create
6/10/2020 10:15:30 PM | * Files/Video-- -- --Folder create
6/10/2020 10:15:30 PM | * Files/Other-- -- --Folder create
6/10/2020 10:15:30 PM | * Files/Media-- -- --Folder create
6/10/2020 10:15:31 PM | * Files/Image-- -- --Folder create
6/10/2020 10:15:31 PM | * Files/Fonts-- -- --Folder create
6/10/2020 10:15:31 PM | * Files/Flash-- -- --Folder create
6/10/2020 10:15:31 PM | * Files/Audio-- -- --Folder create
6/10/2020 10:15:31 PM | * Data-- -- --Folder create
6/10/2020 10:15:31 PM | * Backup-- -- --Folder create
6/10/2020 10:15:31 PM | * Common-- -- --Folder create
6/10/2020 10:15:31 PM | * WEFiles/Image/Skin-- -- --Folder create
6/10/2020 10:15:31 PM | * Files/Image/Home-- -- --Folder create
6/10/2020 10:15:31 PM | * Files\Other-- -- --Folder create
6/10/2020 10:15:31 PM | * Files\Fonts-- -- --Folder create
6/10/2020 10:15:31 PM | * Backup/.htaccess-- -- --33
6/10/2020 10:15:31 PM | * Data/.htaccess-- -- --13
6/10/2020 10:15:31 PM | * WEFiles/Client/Common/oe.min.js-- -- --16317
6/10/2020 10:15:31 PM | * WEFiles/Client/jQuery/Plugins/jquery.form.js-- -- --11659
6/10/2020 10:15:31 PM | * WEFiles/Client/jQuery/Plugins/jquery.ui.core.js-- -- --19590
6/10/2020 10:15:31 PM | * WEFiles/Client/jQuery/Plugins/jquery.ui.effects.js-- -- --25199
6/10/2020 10:15:31 PM | * WEFiles/Client/jQuery/1.10.2.js-- -- --93107
6/10/2020 10:15:31 PM | * WEFiles/Client/jQuery/migrate.js-- -- --7202
6/10/2020 10:15:31 PM | * WEFiles/Client/OEDB.js-- -- --1856
6/10/2020 10:15:31 PM | * WEFiles/Client/OEDBClasses.js-- -- --2280
6/10/2020 10:15:31 PM | * WEFiles/Client/opentip-jquery.min.js-- -- --44974
6/10/2020 10:15:31 PM | * WEFiles/Css/v01/openElement.css-- -- --5851
6/10/2020 10:15:31 PM | * WEFiles/Css/v02/openElement.css-- -- --6102
6/10/2020 10:15:31 PM | * WEFiles/Css/v02/openElement.int.css-- -- --6177
6/10/2020 10:15:31 PM | * WEFiles/Css/ie7.css-- -- --833
6/10/2020 10:15:31 PM | * WEFiles/Css/opentip.css-- -- --9211
6/10/2020 10:15:31 PM | * WEFiles/Image/Code.png-- -- --831
6/10/2020 10:15:31 PM | * WEFiles/Image/delete.png-- -- --1465
6/10/2020 10:15:31 PM | * WEFiles/Image/empty.png-- -- --184
6/10/2020 10:15:31 PM | * WEFiles/Image/information2.png-- -- --3246
6/10/2020 10:15:31 PM | * WEFiles/Image/loading.gif-- -- --1924
6/10/2020 10:15:31 PM | * WEFiles/Image/Loading2.gif-- -- --4941
6/10/2020 10:15:31 PM | * WEFiles/Image/mask.png-- -- --213
6/10/2020 10:15:31 PM | * WEFiles/Image/ModalBackgound.png-- -- --27145
6/10/2020 10:15:31 PM | * WEFiles/Image/ModalPopupBlock.png-- -- --268
6/10/2020 10:15:31 PM | * WEFiles/Image/ServerError.png-- -- --2602
6/10/2020 10:15:31 PM | * WEFiles/Image/warning.png-- -- --816
6/10/2020 10:15:31 PM | * WEFiles/Image/WEW3C.png-- -- --1882
6/10/2020 10:15:31 PM | * WEFiles/Server/class/class-phpmailer.php-- -- --65668
6/10/2020 10:15:31 PM | * WEFiles/Server/class/class-smtp.php-- -- --32456
6/10/2020 10:15:31 PM | * WEFiles/Server/DB/DBTools/OEDataContainers.php-- -- --57685
6/10/2020 10:15:31 PM | * WEFiles/Server/DB/DBTools/OEDBRequest.php-- -- --36412
6/10/2020 10:15:31 PM | * WEFiles/Server/DB/DBTools/OEDynUtils.php-- -- --15107
6/10/2020 10:15:31 PM | * WEFiles/Server/DB/.htaccess-- -- --13
6/10/2020 10:15:31 PM | * WEFiles/Server/DB/OEDB.php-- -- --28741
6/10/2020 10:15:31 PM | * WEFiles/Server/DB/OEDBClasses.php-- -- --84483
6/10/2020 10:15:31 PM | * WEFiles/Server/DB/sqllogin.php-- -- --1479
6/10/2020 10:15:31 PM | * WEFiles/Server/language/phpmailer.lang-en.php-- -- --1188
6/10/2020 10:15:31 PM | * WEFiles/Server/language/phpmailer.lang-fr.php-- -- --1297
6/10/2020 10:15:31 PM | * WEFiles/Server/openElement.php-- -- --13870
6/10/2020 10:15:31 PM | * WEFiles/Server/VarText.php-- -- --4496
6/10/2020 10:15:31 PM | * .htaccess-- -- --0
6/10/2020 10:15:31 PM | * Contact(var).php-- -- --504
6/10/2020 10:15:31 PM | * Contact.css-- -- --5761
6/10/2020 10:15:31 PM | * WEFiles/Image/ErrorImageDefault.png-- -- --825
6/10/2020 10:15:31 PM | * WEFiles/Image/Skin/85fc93e8.png-- -- --142
6/10/2020 10:15:31 PM | * WEFiles/Image/Skin/8abfdd2f.png-- -- --162
6/10/2020 10:15:31 PM | * WEFiles/Image/Skin/dd1a39fa.png-- -- --145
6/10/2020 10:15:31 PM | * WEFiles/Image/Skin/8bfd540b.png-- -- --181
6/10/2020 10:15:31 PM | * WEFiles/Image/Skin/a7d841c2.png-- -- --181
6/10/2020 10:15:31 PM | * WEFiles/Image/Skin/ae2273fd.png-- -- --143
6/10/2020 10:15:31 PM | * WEFiles/Image/Skin/a1bcd92d.png-- -- --153
6/10/2020 10:15:31 PM | * WEFiles/Image/Skin/e3d6b0f6.png-- -- --141
6/10/2020 10:15:31 PM | * WEFiles/Image/Skin/5c9dac35.png-- -- --295
6/10/2020 10:15:31 PM | * WEFiles/Image/Skin/f8d6e799.png-- -- --142
6/10/2020 10:15:31 PM | * WEFiles/Image/Skin/393ea4f9.png-- -- --160
6/10/2020 10:15:31 PM | * WEFiles/Image/Skin/b5a00b21.png-- -- --145
6/10/2020 10:15:31 PM | * WEFiles/Image/Skin/5d5a07b3.png-- -- --179
6/10/2020 10:15:31 PM | * WEFiles/Image/Skin/a27c8a24.png-- -- --176
6/10/2020 10:15:31 PM | * WEFiles/Image/Skin/c4f57e2c.png-- -- --144
6/10/2020 10:15:31 PM | * WEFiles/Image/Skin/0310f00f.png-- -- --157
6/10/2020 10:15:31 PM | * WEFiles/Image/Skin/4b1215d6.png-- -- --142
6/10/2020 10:15:31 PM | * WEFiles/Image/Skin/6aa94251.png-- -- --311
6/10/2020 10:15:31 PM | * WEFiles/Image/Skin/55fedf47.jpg-- -- --802
6/10/2020 10:15:31 PM | * WEFiles/Image/Skin/e7b385b3.jpg-- -- --2810
6/10/2020 10:15:31 PM | * WEFiles/Image/Skin/30b7f6f4.jpg-- -- --849
6/10/2020 10:15:31 PM | * WEFiles/Image/Skin/4992b02b.jpg-- -- --747
6/10/2020 10:15:31 PM | * WEFiles/Image/Skin/4ea69078.jpg-- -- --790
6/10/2020 10:15:31 PM | * WEFiles/Image/Skin/9e68656f.jpg-- -- --852
6/10/2020 10:15:31 PM | * WEFiles/Image/Skin/bfb29038.jpg-- -- --3722
6/10/2020 10:15:31 PM | * WEFiles/Image/Skin/117bf015.jpg-- -- --872
6/10/2020 10:15:31 PM | * Files/Image/Quote1.png-- -- --923
6/10/2020 10:15:31 PM | * Files/Image/Quote3.png-- -- --927
6/10/2020 10:15:31 PM | * Files/Image/Home/HomeMask1.png-- -- --1416
6/10/2020 10:15:31 PM | * WEFiles/Image/Skin/12786609.png-- -- --936
6/10/2020 10:15:31 PM | * WEFiles/Image/Skin/1295d8fd.png-- -- --611
6/10/2020 10:15:31 PM | * WEFiles/Image/Skin/cc42a7ef.png-- -- --217
6/10/2020 10:15:31 PM | * WEFiles/Image/Skin/3356a13c.png-- -- --5223
6/10/2020 10:15:31 PM | * WEFiles/Image/Skin/b79c607b.png-- -- --193
6/10/2020 10:15:31 PM | * WEFiles/Image/Skin/39baf87c.png-- -- --547
6/10/2020 10:15:31 PM | * WEFiles/Image/Skin/8a952af0.png-- -- --7371
6/10/2020 10:15:31 PM | * WEFiles/Image/Skin/346a1f8f.png-- -- --539
6/10/2020 10:15:31 PM | * WEFiles/Image/Skin/b8b3141d.png-- -- --29265
6/10/2020 10:15:31 PM | * Files/Image/Logo.png-- -- --3283
6/10/2020 10:15:31 PM | * WEFiles/Image/Skin/a8d5d3b9.png-- -- --2445
6/10/2020 10:15:31 PM | * WEFiles/Image/Skin/6b2859cf.png-- -- --6800
6/10/2020 10:15:31 PM | * WEFiles/Image/Skin/17755716.png-- -- --3341
6/10/2020 10:15:31 PM | * WEFiles/Image/Skin/c9da7f91.png-- -- --7922
6/10/2020 10:15:31 PM | * WEFiles/Image/Skin/b11a5c5c.png-- -- --29764
6/10/2020 10:15:31 PM | * Contact.en-us.htm-- -- --15059
6/10/2020 10:15:31 PM | * Contact.htm-- -- --15001
6/10/2020 10:15:31 PM | * index.css-- -- --6817
6/10/2020 10:15:31 PM | * Files/Image/Home/HomeImg1.png-- -- --55684
6/10/2020 10:15:31 PM | * Files/Image/hr.png-- -- --164
6/10/2020 10:15:31 PM | * Files/Image/Home/HomeImg2.png-- -- --64425
6/10/2020 10:15:31 PM | * Files/Image/Home/HomeImg3.png-- -- --33875
6/10/2020 10:15:31 PM | * WEFiles/Image/Skin/9ae72b2e.png-- -- --266
6/10/2020 10:15:31 PM | * WEFiles/Image/Skin/c95daba0.png-- -- --282
6/10/2020 10:15:31 PM | * WEFiles/Image/Skin/43a167c8.png-- -- --267
6/10/2020 10:15:31 PM | * WEFiles/Image/Skin/684761da.png-- -- --212
6/10/2020 10:15:31 PM | * WEFiles/Image/Skin/2da36143.png-- -- --231
6/10/2020 10:15:31 PM | * WEFiles/Image/Skin/0247657f.png-- -- --273
6/10/2020 10:15:31 PM | * WEFiles/Image/Skin/9cb41ade.png-- -- --254
6/10/2020 10:15:31 PM | * WEFiles/Image/Skin/c5fd82ea.png-- -- --276
6/10/2020 10:15:31 PM | * Files/Image/Quote2.png-- -- --1147
6/10/2020 10:15:31 PM | * Files/Image/DarkBackIcon.png-- -- --315
6/10/2020 10:15:31 PM | * Files/Image/backIcon.png-- -- --251
6/10/2020 10:15:31 PM | * Files/Image/arrow.png-- -- --2183
6/10/2020 10:15:31 PM | * Files/Image/Home/HomeImg4.png-- -- --98877
6/10/2020 10:15:31 PM | * index.en-us.htm-- -- --21250
6/10/2020 10:15:31 PM | * index.htm-- -- --21192
6/10/2020 10:15:31 PM | * robots.txt-- -- --19
6/10/2020 10:15:31 PM | * sitemap.xml-- -- --1380
6/10/2020 10:15:31 PM | * Templates/BaseLayer.css-- -- --6399
6/10/2020 10:15:31 PM | 
6/10/2020 10:15:31 PM | 
--------------------------------Phase 1 Terminé--------------------------------
6/10/2020 10:15:31 PM | 

